[2017-12-20 00:58:33.677] [info] [console_user_server] version 11.4.0
[2017-12-20 00:58:33.678] [info] [console_user_server] Check version...
[2017-12-20 00:58:33.712] [info] [console_user_server] Load karabiner.json...
[2017-12-20 00:58:33.722] [info] [console_user_server] core_configuration is updated.
[2017-12-20 00:58:33.722] [info] [console_user_server] Check for updates...
[2017-12-20 00:58:34.712] [info] [console_user_server] input_source_manager initialize
[2017-12-20 00:58:34.760] [info] [console_user_server] receiver is initialized
[2017-12-20 00:58:34.760] [info] [console_user_server] Check version...
[2017-12-20 00:58:34.760] [info] [console_user_server] grabber_client_ is connected
[2017-12-20 00:58:34.794] [info] [console_user_server] Load karabiner.json...
[2017-12-20 00:58:34.794] [info] [console_user_server] core_configuration is updated.
[2017-12-20 00:58:34.911] [info] [console_user_server] frontmost_application_observer initialize
[2017-12-20 00:58:34.912] [info] [console_user_server] input_source_observer initialize
[2017-12-20 00:58:35.835] [info] [console_user_server] system_preferences::values is updated.
[2017-12-20 00:58:48.219] [info] [console_user_server] Load karabiner.json...
[2017-12-20 00:58:48.219] [info] [console_user_server] core_configuration is updated.
[2017-12-20 00:58:50.308] [info] [console_user_server] Load karabiner.json...
[2017-12-20 00:58:50.309] [info] [console_user_server] core_configuration is updated.
[2017-12-20 00:59:28.442] [info] [console_user_server] the configuration directory is updated.
[2017-12-20 01:02:14.493] [info] [console_user_server] the configuration directory is updated.
[2017-12-20 01:02:14.494] [info] [console_user_server] Load karabiner.json...
[2017-12-20 01:02:14.494] [info] [console_user_server] core_configuration is updated.
[2017-12-20 01:02:28.864] [info] [console_user_server] Load karabiner.json...
[2017-12-20 01:02:28.865] [info] [console_user_server] core_configuration is updated.
[2017-12-20 01:02:44.948] [info] [console_user_server] Load karabiner.json...
[2017-12-20 01:02:44.948] [info] [console_user_server] core_configuration is updated.
[2017-12-20 01:02:47.250] [info] [console_user_server] Load karabiner.json...
[2017-12-20 01:02:47.250] [info] [console_user_server] core_configuration is updated.
[2017-12-20 01:02:49.836] [info] [console_user_server] Load karabiner.json...
[2017-12-20 01:02:49.836] [info] [console_user_server] core_configuration is updated.
[2017-12-20 01:02:54.946] [info] [console_user_server] Load karabiner.json...
[2017-12-20 01:02:54.947] [info] [console_user_server] core_configuration is updated.
[2017-12-20 01:02:58.049] [info] [console_user_server] Load karabiner.json...
[2017-12-20 01:02:58.050] [info] [console_user_server] core_configuration is updated.
[2017-12-20 01:03:03.709] [info] [console_user_server] Load karabiner.json...
[2017-12-20 01:03:03.710] [info] [console_user_server] core_configuration is updated.
[2017-12-20 01:04:14.502] [info] [console_user_server] Load karabiner.json...
[2017-12-20 01:04:14.504] [info] [console_user_server] core_configuration is updated.
[2017-12-20 01:04:17.703] [info] [console_user_server] Load karabiner.json...
[2017-12-20 01:04:17.704] [info] [console_user_server] core_configuration is updated.
[2017-12-21 14:49:42.276] [info] [console_user_server] version 11.4.0
[2017-12-21 14:49:42.278] [info] [console_user_server] Check version...
[2017-12-21 14:49:42.297] [info] [console_user_server] Load karabiner.json...
[2017-12-21 14:49:42.300] [info] [console_user_server] core_configuration is updated.
[2017-12-21 14:49:42.300] [info] [console_user_server] Check for updates...
[2017-12-21 14:49:43.354] [info] [console_user_server] input_source_manager initialize
[2017-12-21 14:49:43.417] [info] [console_user_server] receiver is initialized
[2017-12-21 14:49:43.417] [info] [console_user_server] Check version...
[2017-12-21 14:49:43.418] [info] [console_user_server] grabber_client_ is connected
[2017-12-21 14:49:43.471] [info] [console_user_server] Load karabiner.json...
[2017-12-21 14:49:43.472] [info] [console_user_server] core_configuration is updated.
[2017-12-21 14:49:43.586] [info] [console_user_server] frontmost_application_observer initialize
[2017-12-21 14:49:43.587] [info] [console_user_server] input_source_observer initialize
[2017-12-21 14:49:44.446] [info] [console_user_server] system_preferences::values is updated.
[2017-12-21 14:49:56.328] [info] [console_user_server] Load karabiner.json...
[2017-12-21 14:49:56.328] [info] [console_user_server] core_configuration is updated.
[2017-12-21 14:49:58.910] [info] [console_user_server] Load karabiner.json...
[2017-12-21 14:49:58.911] [info] [console_user_server] core_configuration is updated.
[2017-12-21 14:50:10.715] [info] [console_user_server] Load karabiner.json...
[2017-12-21 14:50:10.715] [info] [console_user_server] core_configuration is updated.
[2017-12-21 14:50:45.479] [warning] [console_user_server] local_datagram_client error: No buffer space available
[2017-12-21 22:20:06.682] [warning] [console_user_server] local_datagram_client error: No buffer space available
[2017-12-22 00:09:16.143] [warning] [console_user_server] local_datagram_client error: No buffer space available
